[24-06-22 09:47:53] SPAWN INFO - connecting to socket ws://localhost:5100/modeling/create/
[24-06-22 09:48:01] SPAWN INFO - close status=1000 
[24-06-22 09:48:03] SPAWN INFO - {'modelID': '0x34c2ca', 'spawned': True, 'tagged': True, 'shared': False, 'spawnError': '', 'tagError': '', 'sharedTo': [{'email': 'j@me.com', 'error': 'failed to share models via call http://localhost:5200/users/share-model; expected=200 got=400; message=Could not find specified user - please ensure this is a valid Valsys user email.'}]}
[24-06-22 09:49:39] SPAWN INFO - connecting to socket ws://localhost:5100/modeling/create/
[24-06-22 09:49:48] SPAWN INFO - close status=1000 
[24-06-22 09:49:50] SPAWN INFO - {'modelID': '0x34caae', 'spawned': True, 'tagged': True, 'shared': False, 'spawnError': '', 'tagError': '', 'sharedTo': [{'email': 'j@me.com', 'permission': 'view', 'error': 'failed to share models via call http://localhost:5200/users/share-model; expected=200 got=400; message=Could not find specified user - please ensure this is a valid Valsys user email.'}]}
[24-06-22 09:57:37] SPAWN INFO - connecting to socket ws://localhost:5100/modeling/create/
[24-06-22 09:57:46] SPAWN INFO - close status=1000 
[24-06-22 09:57:48] SPAWN INFO - {'modelID': '0x34cfb3', 'spawned': True, 'tagged': True, 'shared': False, 'spawnError': '', 'tagError': '', 'sharedTo': []}
[24-06-22 09:59:26] SPAWN INFO - connecting to socket ws://localhost:5100/modeling/create/
[24-06-22 09:59:34] SPAWN INFO - close status=1000 
[24-06-22 09:59:36] SPAWN INFO - {'modelID': '0x34dd9e', 'spawned': True, 'tagged': True, 'shared': False}
[24-06-22 10:03:02] SPAWN INFO - connecting to socket ws://localhost:5100/modeling/create/
[24-06-22 10:03:11] SPAWN INFO - close status=1000 
[24-06-22 10:03:12] SPAWN INFO - {'modelID': '0x34e0ca', 'spawned': True, 'tagged': True, 'shared': False}
[24-06-22 10:03:34] SPAWN INFO - connecting to socket ws://localhost:5100/modeling/create/
[24-06-22 10:03:43] SPAWN INFO - close status=1000 
[24-06-22 10:03:44] SPAWN INFO - {'modelID': '0x34e6f9', 'spawned': True, 'tagged': True, 'shared': False}
[24-06-22 10:03:44] SPAWN INFO - connecting to socket ws://localhost:5100/modeling/create/
[24-06-22 10:03:54] SPAWN INFO - close status=1000 
[24-06-22 10:03:55] SPAWN INFO - {'modelID': '0x34f219', 'spawned': True, 'tagged': True, 'shared': False}
[24-06-22 10:05:22] SPAWN INFO - {'modelID': '0x34fea6', 'spawned': True, 'tagged': True, 'shared': False}
[24-06-22 10:05:33] SPAWN INFO - {'modelID': '0x3508fe', 'spawned': True, 'tagged': True, 'shared': False}
[24-06-22 10:11:56] SPAWN INFO - {'modelID': '0x350e1d', 'spawned': True, 'tagged': True, 'shared': False}
[24-06-22 10:12:09] SPAWN INFO - {'modelID': '0x351bb4', 'spawned': True, 'tagged': True, 'shared': False}
[24-06-22 10:14:51] SPAWN INFO - {'modelID': '0x351ead', 'spawned': True, 'tagged': True, 'shared': False}
[24-06-22 10:15:04] SPAWN INFO - {'modelID': '0x35261c', 'spawned': True, 'tagged': True, 'shared': False}
[24-06-22 10:16:16] SPAWN INFO - {'modelID': '0x3534db', 'spawned': True, 'tagged': True, 'shared': False}
[24-06-22 10:16:31] SPAWN INFO - {'modelID': '0x3538b9', 'spawned': True, 'tagged': True, 'shared': False}
[24-06-22 10:17:42] SPAWN INFO - {'modelID': '0x35435d', 'spawned': True, 'tagged': True, 'shared': False}
[24-06-22 10:17:42] SPAWN INFO - {'modelID': '0x354b65', 'spawned': True, 'tagged': True, 'shared': False}
[24-06-22 10:19:59] SPAWN INFO - {'modelID': '0x35579b', 'spawned': True, 'tagged': True, 'shared': False}
[24-06-22 10:19:59] SPAWN INFO - {'modelID': '0x356047', 'spawned': True, 'tagged': True, 'shared': False}
[24-06-22 10:20:53] SPAWN INFO - {'modelID': '0x35657d', 'spawned': True, 'tagged': True, 'shared': False}
[24-06-22 10:20:53] SPAWN INFO - {'modelID': '0x3572e1', 'spawned': True, 'tagged': True, 'shared': False}
[24-06-22 10:21:23] SPAWN INFO - {'modelID': '0x357df4', 'spawned': True, 'tagged': True, 'shared': False}
[24-06-22 10:21:23] SPAWN INFO - {'modelID': '0x3584b6', 'spawned': True, 'tagged': True, 'shared': False}
[24-06-22 10:27:47] SPAWN INFO - {'modelID': '0x358ea9', 'spawned': True, 'tagged': True, 'shared': False}
[24-06-22 10:27:47] SPAWN INFO - {'modelID': '0x359ad8', 'spawned': True, 'tagged': True, 'shared': False}
[24-06-22 10:37:19] SPAWN ERROR - [Errno 61] Connection refused URL=ws://localhost:500/modeling/create/
[24-06-22 10:37:19] SPAWN ERROR - close status=None msg=None
[24-06-22 10:37:20] SPAWN ERROR - [Errno 61] Connection refused URL=ws://localhost:500/modeling/create/
[24-06-22 10:37:20] SPAWN ERROR - close status=None msg=None
[24-06-22 10:37:20] SPAWN INFO - {'modelID': '', 'spawned': False, 'tagged': False, 'shared': False}
[24-06-22 10:37:20] SPAWN INFO - {'modelID': '', 'spawned': False, 'tagged': False, 'shared': False}
[24-06-22 10:44:51] SPAWN ERROR - {"status":"failed","error":"invalid response returned","step":"Pulling model data","state":"building","data":null,"Close":true}
[24-06-22 10:44:52] SPAWN ERROR - {"status":"failed","error":"invalid response returned","step":"Pulling model data","state":"building","data":null,"Close":true}
[24-06-22 10:44:52] SPAWN INFO - {'modelID': '', 'spawned': False, 'tagged': False, 'shared': False}
[24-06-22 10:44:52] SPAWN INFO - {'modelID': '', 'spawned': False, 'tagged': False, 'shared': False}
[24-06-22 10:45:30] SPAWN ERROR - {"status":"failed","error":"invalid response returned","step":"Pulling model data","state":"building","data":null,"Close":true}
[24-06-22 10:45:31] SPAWN ERROR - {"status":"failed","error":"invalid response returned","step":"Pulling model data","state":"building","data":null,"Close":true}
[24-06-22 10:45:31] SPAWN INFO - {'modelID': '', 'spawned': False, 'tagged': False, 'shared': False, 'spawnError': 'error building model: invalid response returned', 'tagError': '', 'sharedTo': []}
[24-06-22 10:45:31] SPAWN INFO - {'modelID': '', 'spawned': False, 'tagged': False, 'shared': False, 'spawnError': 'error building model: invalid response returned', 'tagError': '', 'sharedTo': []}
[24-06-22 11:08:02] SPAWN INFO - {'modelID': '0x359b5b', 'spawned': True, 'tagged': True, 'shared': False, 'spawnError': '', 'tagError': '', 'sharedTo': [{'email': 'j@me.com', 'permission': 'view', 'error': 'failed to share models via call http://localhost:5200/users/share-model; expected=200 got=400; message=Could not find specified user - please ensure this is a valid Valsys user email.'}]}
[24-06-22 11:08:02] SPAWN INFO - {'modelID': '0x35abbb', 'spawned': True, 'tagged': True, 'shared': False, 'spawnError': '', 'tagError': '', 'sharedTo': [{'email': 'j@me.com', 'permission': 'view', 'error': 'failed to share models via call http://localhost:5200/users/share-model; expected=200 got=400; message=Could not find specified user - please ensure this is a valid Valsys user email.'}]}
[24-06-22 11:18:42] SPAWN ERROR - {"status":"failed","error":"invalid response returned","step":"Pulling model data","state":"building","data":null,"Close":true}
[24-06-22 11:20:56] SPAWN INFO - {'modelID': '0x35b59e', 'spawned': True, 'tagged': True, 'shared': False}
[24-06-22 11:20:56] SPAWN INFO - {'modelID': '0x35bec1', 'spawned': True, 'tagged': True, 'shared': False}
[24-06-22 11:20:56] SPAWN INFO - {'modelID': '0x35c5e7', 'spawned': True, 'tagged': True, 'shared': False}
[24-06-22 11:20:56] SPAWN INFO - {'modelID': '0x35c8f0', 'spawned': True, 'tagged': True, 'shared': False}
[24-06-22 11:20:56] SPAWN INFO - {'modelID': '0x35cf37', 'spawned': True, 'tagged': True, 'shared': False}
[24-06-22 11:20:56] SPAWN INFO - {'modelID': '0x35da9b', 'spawned': True, 'tagged': True, 'shared': False}
[24-06-22 11:20:56] SPAWN INFO - {'modelID': '0x35de75', 'spawned': True, 'tagged': True, 'shared': False}
[24-06-22 11:20:56] SPAWN INFO - {'modelID': '0x35ea06', 'spawned': True, 'tagged': True, 'shared': False}
[24-06-22 11:20:56] SPAWN INFO - {'modelID': '0x35f3ce', 'spawned': True, 'tagged': True, 'shared': False}
[24-06-22 11:20:56] SPAWN INFO - {'modelID': '', 'spawned': False, 'tagged': False, 'shared': False}
[24-06-22 11:20:56] SPAWN INFO - {'modelID': '0x35f6c2', 'spawned': True, 'tagged': True, 'shared': False}
[24-06-22 11:20:56] SPAWN INFO - {'modelID': '0x35ffda', 'spawned': True, 'tagged': True, 'shared': False}
[24-06-22 11:20:56] SPAWN INFO - {'modelID': '0x360ba1', 'spawned': True, 'tagged': True, 'shared': False}
[24-06-22 11:20:56] SPAWN INFO - {'modelID': '0x360f90', 'spawned': True, 'tagged': False, 'shared': False}
[24-06-22 11:20:56] SPAWN INFO - {'modelID': '0x36171f', 'spawned': True, 'tagged': True, 'shared': False}
[24-06-22 11:20:56] SPAWN INFO - {'modelID': '0x3622cc', 'spawned': True, 'tagged': True, 'shared': False}
[24-06-22 11:20:56] SPAWN INFO - {'modelID': '0x36242e', 'spawned': True, 'tagged': True, 'shared': False}
[24-06-22 11:20:56] SPAWN INFO - {'modelID': '0x362a2b', 'spawned': True, 'tagged': True, 'shared': False}
[24-06-22 11:20:56] SPAWN INFO - {'modelID': '0x363ab5', 'spawned': True, 'tagged': True, 'shared': False}
[24-06-22 11:20:56] SPAWN INFO - {'modelID': '0x364324', 'spawned': True, 'tagged': True, 'shared': False}
[24-06-22 11:23:46] SPAWN ERROR - {"status":"failed","error":"invalid response returned","step":"Pulling model data","state":"building","data":null,"Close":true}
[24-06-22 11:24:40] SPAWN INFO - {'modelID': '', 'ticker': 'BLIN', 'spawned': False, 'tagged': False, 'shared': False}
[24-06-22 11:24:40] SPAWN INFO - {'modelID': '0x3648d3', 'ticker': 'PDCO', 'spawned': True, 'tagged': True, 'shared': False}
[24-06-22 11:24:40] SPAWN INFO - {'modelID': '0x364e7f', 'ticker': 'SCI', 'spawned': True, 'tagged': True, 'shared': False}
[24-06-22 11:24:40] SPAWN INFO - {'modelID': '0x365b9f', 'ticker': 'SMED', 'spawned': True, 'tagged': True, 'shared': False}
[24-06-22 11:24:40] SPAWN INFO - {'modelID': '0x3662ad', 'ticker': 'CATB', 'spawned': True, 'tagged': True, 'shared': False}
[24-06-22 11:24:40] SPAWN INFO - {'modelID': '0x3665d4', 'ticker': 'RTRX', 'spawned': True, 'tagged': True, 'shared': False}
[24-06-22 11:26:19] SPAWN ERROR - {"status":"failed","error":"invalid response returned","step":"Pulling model data","state":"building","data":null,"Close":true}
[24-06-22 11:26:19] SPAWN INFO - {'modelID': '', 'ticker': 'BLIN', 'spawned': False, 'tagged': False, 'shared': False, 'spawnError': 'error building model: invalid response returned', 'tagError': '', 'sharedTo': []}
[24-06-22 11:29:37] SPAWN INFO - {'modelID': '0x3672b5', 'ticker': 'CL', 'spawned': True, 'tagged': True, 'shared': False, 'spawnError': '', 'tagError': '', 'sharedTo': [{'email': 'j@me.com', 'permission': 'view', 'error': 'failed to share models via call http://localhost:5200/users/share-model; expected=200 got=400; message=Could not find specified user - please ensure this is a valid Valsys user email.'}]}
[24-06-22 11:29:37] SPAWN INFO - {'modelID': '0x367880', 'ticker': 'VSM', 'spawned': True, 'tagged': True, 'shared': False, 'spawnError': '', 'tagError': '', 'sharedTo': [{'email': 'j@me.com', 'permission': 'view', 'error': 'failed to share models via call http://localhost:5200/users/share-model; expected=200 got=400; message=Could not find specified user - please ensure this is a valid Valsys user email.'}]}
[24-06-22 11:29:37] SPAWN INFO - {'modelID': '0x3683fe', 'ticker': 'BWXT', 'spawned': True, 'tagged': True, 'shared': False, 'spawnError': '', 'tagError': '', 'sharedTo': [{'email': 'j@me.com', 'permission': 'view', 'error': 'failed to share models via call http://localhost:5200/users/share-model; expected=200 got=400; message=Could not find specified user - please ensure this is a valid Valsys user email.'}]}
[24-06-22 11:31:27] SPAWN INFO - {'modelID': '0x368a5d', 'ticker': 'CL', 'spawned': True, 'tagged': True, 'shared': False, 'spawnError': '', 'tagError': '', 'sharedTo': []}
[24-06-22 11:31:27] SPAWN INFO - {'modelID': '0x368cdd', 'ticker': 'VSM', 'spawned': True, 'tagged': True, 'shared': False, 'spawnError': '', 'tagError': '', 'sharedTo': []}
[24-06-22 11:31:27] SPAWN INFO - {'modelID': '0x3699ce', 'ticker': 'BWXT', 'spawned': True, 'tagged': True, 'shared': False, 'spawnError': '', 'tagError': '', 'sharedTo': []}
[24-06-22 11:31:27] SPAWN INFO - {'modelID': '0x369faa', 'ticker': 'AT', 'spawned': True, 'tagged': True, 'shared': False, 'spawnError': '', 'tagError': '', 'sharedTo': []}
[24-06-22 11:31:27] SPAWN INFO - {'modelID': '0x36a7bc', 'ticker': 'ZAGG', 'spawned': True, 'tagged': True, 'shared': False, 'spawnError': '', 'tagError': '', 'sharedTo': []}
[24-06-22 11:36:21] SPAWN ERROR - {"status":"failed","error":"invalid response returned","step":"Pulling model data","state":"building","data":null,"Close":true}
[24-06-22 11:36:21] SPAWN INFO - {'modelID': '', 'ticker': 'BLIN', 'spawned': False, 'tagged': False, 'shared': False, 'spawnError': 'error building model: invalid response returned', 'tagError': '', 'sharedTo': []}
[24-06-22 11:41:40] SPAWN ERROR - from ws://localhost:5100/modeling/create/ {"status":"failed","error":"invalid response returned","step":"Pulling model data","state":"building","data":null,"Close":true}
[24-06-22 11:41:40] SPAWN INFO - {'modelID': '', 'ticker': 'BLIN', 'spawned': False, 'tagged': False, 'shared': False, 'spawnError': 'error building model: invalid response returned', 'tagError': '', 'sharedTo': []}
